<?xml version="1.0" encoding="UTF-8"?>
<!-- Generated by org.testng.reporters.JUnitXMLReporter -->
<testsuite ignored="0" hostname="DESKTOP-OTPSMSU" failures="3" tests="12" name="Test" time="67.701" errors="0" timestamp="2023-12-04T23:53:25 IST">
  <testcase classname="test_cases.Cart_Page_Test" name="verifyappTitle" time="0.038"/>
  <testcase classname="test_cases.Cart_Page_Test" name="verifyyourCart" time="0.04">
    <failure type="java.lang.AssertionError" message="expected [Your Cart] but found [You Cart]">
      <![CDATA[java.lang.AssertionError: expected [Your Cart] but found [You Cart]
at test_cases.Cart_Page_Test.verifyyourCart(Cart_Page_Test.java:43)
at java.base/java.util.ArrayList.forEach(ArrayList.java:1511)
... Removed 33 stack frames]]>
    </failure>
  </testcase> <!-- verifyyourCart -->
  <testcase classname="test_cases.LoginPageTest" name="LoginToApplicationTest" time="0.592">
    <failure type="java.lang.NullPointerException" message="Cannot invoke &amp;quot;org.apache.poi.ss.usermodel.Cell.getStringCellValue()&amp;quot; because the return value of &amp;quot;org.apache.poi.ss.usermodel.Row.getCell(int)&amp;quot; is null">
      <![CDATA[java.lang.NullPointerException: Cannot invoke "org.apache.poi.ss.usermodel.Cell.getStringCellValue()" because the return value of "org.apache.poi.ss.usermodel.Row.getCell(int)" is null
at utility.ReadData.readExcel(ReadData.java:25)
at test_cases.LoginPageTest.LoginToApplicationTest(LoginPageTest.java:43)
at java.base/java.util.ArrayList.forEach(ArrayList.java:1511)
... Removed 27 stack frames]]>
    </failure>
  </testcase> <!-- LoginToApplicationTest -->
  <testcase classname="test_cases.LoginPageTest" name="verifyTitleOfApplicationTest" time="0.079"/>
  <testcase classname="test_cases.LoginPageTest" name="verifyURLOfApplicationTest" time="0.064"/>
  <testcase classname="test_cases.Inventory_Page_2_Test" name="add6ProductsTest" time="0.041">
    <failure type="java.lang.NullPointerException" message="Cannot invoke &amp;quot;org.apache.poi.ss.usermodel.Cell.getStringCellValue()&amp;quot; because the return value of &amp;quot;org.apache.poi.ss.usermodel.Row.getCell(int)&amp;quot; is null">
      <![CDATA[java.lang.NullPointerException: Cannot invoke "org.apache.poi.ss.usermodel.Cell.getStringCellValue()" because the return value of "org.apache.poi.ss.usermodel.Row.getCell(int)" is null
at utility.ReadData.readExcel(ReadData.java:25)
at test_cases.Inventory_Page_2_Test.add6ProductsTest(Inventory_Page_2_Test.java:76)
at java.base/java.util.ArrayList.forEach(ArrayList.java:1511)
... Removed 27 stack frames]]>
    </failure>
  </testcase> <!-- add6ProductsTest -->
  <testcase classname="test_cases.Inventory_Page_2_Test" name="remove2ProductsTest" time="3.839"/>
  <testcase classname="test_cases.Inventory_Page_2_Test" name="verifyappTitleTest" time="0.04"/>
  <testcase classname="test_cases.Inventory_Page_2_Test" name="verifyfacebookLogoTest" time="0.041"/>
  <testcase classname="test_cases.Inventory_Page_2_Test" name="verifyfooterTextTest" time="0.034"/>
  <testcase classname="test_cases.Inventory_Page_2_Test" name="verifylinkdinLogo" time="0.039"/>
  <testcase classname="test_cases.Inventory_Page_2_Test" name="verifyproductsTitleTest" time="0.068"/>
</testsuite> <!-- Test -->
