<?xml version="1.0" encoding="UTF-8"?>
<!-- Generated by org.testng.reporters.JUnitXMLReporter -->
<testsuite ignored="0" hostname="DESKTOP-OTPSMSU" failures="0" tests="8" name="Default test" time="43.044" errors="0" timestamp="2023-12-18T13:18:30 IST">
  <testcase classname="test_cases.Inventory_Page_2_Test" name="add6ProductsTest" time="0.842"/>
  <testcase classname="test_cases.Inventory_Page_2_Test" name="remove2ProductsTest" time="3.519"/>
  <testcase classname="test_cases.Inventory_Page_2_Test" name="verifyfacebookLogoTest" time="0.037"/>
  <testcase classname="test_cases.Inventory_Page_2_Test" name="verifylinkdinLogo" time="0.036"/>
  <testcase classname="test_cases.Inventory_Page_2_Test" name="verifyappTitleTest" time="0.029"/>
  <testcase classname="test_cases.Inventory_Page_2_Test" name="verifytwitterLogoTest" time="0.032"/>
  <testcase classname="test_cases.Inventory_Page_2_Test" name="verifyproductsTitleTest" time="0.054"/>
  <testcase classname="test_cases.Inventory_Page_2_Test" name="verifyfooterTextTest" time="0.028"/>
</testsuite> <!-- Default test -->
