<?xml version="1.0" encoding="UTF-8"?>
<!-- Generated by org.testng.reporters.JUnitReportReporter -->
<testsuite hostname="DESKTOP-OTPSMSU" failures="0" tests="8" name="test_cases.Inventory_Page_2_Test" time="42.986" errors="0" timestamp="2023-12-18T13:18:30 IST" skipped="0">
  <testcase classname="test_cases.Inventory_Page_2_Test" name="add6ProductsTest" time="5.467"/>
  <system-out>
    <![CDATA[Total Products Added To Cart = 6]]>
  </system-out>
  <testcase classname="test_cases.Inventory_Page_2_Test" name="remove2ProductsTest" time="8.055"/>
  <system-out>
    <![CDATA[Count Of Product After Removing = 4]]>
  </system-out>
  <testcase classname="test_cases.Inventory_Page_2_Test" name="verifylinkdinLogo" time="4.913"/>
  <system-out>
    <![CDATA[Visibility of linkdin Logo = true]]>
  </system-out>
  <testcase classname="test_cases.Inventory_Page_2_Test" name="verifyfacebookLogoTest" time="4.872"/>
  <system-out>
    <![CDATA[Visibility Of Facebook Logo = true]]>
  </system-out>
  <testcase classname="test_cases.Inventory_Page_2_Test" name="verifyappTitleTest" time="4.663"/>
  <system-out>
    <![CDATA[Title Of Inventory Page = Swag Labs]]>
  </system-out>
  <testcase classname="test_cases.Inventory_Page_2_Test" name="verifytwitterLogoTest" time="4.711"/>
  <system-out>
    <![CDATA[Visibility Of Twitter Logo = true]]>
  </system-out>
  <testcase classname="test_cases.Inventory_Page_2_Test" name="verifyproductsTitleTest" time="4.759"/>
  <system-out>
    <![CDATA[Title Of Products = Products]]>
  </system-out>
  <testcase classname="test_cases.Inventory_Page_2_Test" name="verifyfooterTextTest" time="5.546"/>
  <system-out>
    <![CDATA[Visibility of footer Text = © 2023 Sauce Labs. All Rights Reserved. Terms of Service | Privacy Policy]]>
  </system-out>
</testsuite> <!-- test_cases.Inventory_Page_2_Test -->
