<?xml version="1.0" encoding="UTF-8"?>
<!-- Generated by org.testng.reporters.JUnitXMLReporter -->
<testsuite ignored="8" hostname="DESKTOP-OTPSMSU" failures="0" tests="3" name="Test_Group" time="20.141" errors="0" timestamp="2023-12-13T23:41:14 IST">
  <testcase classname="test_cases.LoginPageTest" name="verifyTitleOfApplicationTest" time="0.712"/>
  <testcase classname="test_cases.LoginPageTest" name="verifyURLOfApplicationTest" time="0.124"/>
  <testcase classname="test_cases.Inventory_Page_2_Test" name="verifyappTitleTest" time="0.03"/>
  <testcase classname="test_cases.Inventory_Page_2_Test" name="remove2ProductsTest" time="0.0">
    <ignored/>
  </testcase> <!-- remove2ProductsTest -->
  <testcase classname="test_cases.Inventory_Page_2_Test" name="verifyfooterTextTest" time="0.0">
    <ignored/>
  </testcase> <!-- verifyfooterTextTest -->
  <testcase classname="test_cases.Inventory_Page_2_Test" name="verifyfacebookLogoTest" time="0.0">
    <ignored/>
  </testcase> <!-- verifyfacebookLogoTest -->
  <testcase classname="test_cases.Inventory_Page_2_Test" name="verifylinkdinLogo" time="0.0">
    <ignored/>
  </testcase> <!-- verifylinkdinLogo -->
  <testcase classname="test_cases.Inventory_Page_2_Test" name="add6ProductsTest" time="0.0">
    <ignored/>
  </testcase> <!-- add6ProductsTest -->
  <testcase classname="test_cases.LoginPageTest" name="LoginToApplicationTest" time="0.0">
    <ignored/>
  </testcase> <!-- LoginToApplicationTest -->
  <testcase classname="test_cases.Inventory_Page_2_Test" name="verifytwitterLogoTest" time="0.0">
    <ignored/>
  </testcase> <!-- verifytwitterLogoTest -->
  <testcase classname="test_cases.Inventory_Page_2_Test" name="verifyproductsTitleTest" time="0.0">
    <ignored/>
  </testcase> <!-- verifyproductsTitleTest -->
</testsuite> <!-- Test_Group -->
