<?xml version="1.0" encoding="UTF-8"?>
<!-- Generated by org.testng.reporters.JUnitXMLReporter -->
<testsuite ignored="9" hostname="DESKTOP-OTPSMSU" failures="0" tests="3" name="Test(failed)" time="17.786" errors="0" timestamp="2023-12-04T23:57:21 IST">
  <testcase classname="test_cases.LoginPageTest" name="LoginToApplicationTest" time="0.925"/>
  <testcase classname="test_cases.Inventory_Page_2_Test" name="add6ProductsTest" time="0.58"/>
  <testcase classname="test_cases.Cart_Page_Test" name="verifyyourCart" time="0.029"/>
  <testcase classname="test_cases.Inventory_Page_2_Test" name="verifyproductsTitleTest" time="0.0">
    <ignored/>
  </testcase> <!-- verifyproductsTitleTest -->
  <testcase classname="test_cases.LoginPageTest" name="verifyURLOfApplicationTest" time="0.0">
    <ignored/>
  </testcase> <!-- verifyURLOfApplicationTest -->
  <testcase classname="test_cases.Cart_Page_Test" name="verifyappTitle" time="0.0">
    <ignored/>
  </testcase> <!-- verifyappTitle -->
  <testcase classname="test_cases.Inventory_Page_2_Test" name="verifyfacebookLogoTest" time="0.0">
    <ignored/>
  </testcase> <!-- verifyfacebookLogoTest -->
  <testcase classname="test_cases.Inventory_Page_2_Test" name="verifyappTitleTest" time="0.0">
    <ignored/>
  </testcase> <!-- verifyappTitleTest -->
  <testcase classname="test_cases.Inventory_Page_2_Test" name="verifylinkdinLogo" time="0.0">
    <ignored/>
  </testcase> <!-- verifylinkdinLogo -->
  <testcase classname="test_cases.Inventory_Page_2_Test" name="verifyfooterTextTest" time="0.0">
    <ignored/>
  </testcase> <!-- verifyfooterTextTest -->
  <testcase classname="test_cases.LoginPageTest" name="verifyTitleOfApplicationTest" time="0.0">
    <ignored/>
  </testcase> <!-- verifyTitleOfApplicationTest -->
  <testcase classname="test_cases.Inventory_Page_2_Test" name="remove2ProductsTest" time="0.0">
    <ignored/>
  </testcase> <!-- remove2ProductsTest -->
</testsuite> <!-- Test(failed) -->
